[transformers] `torch_dtype` is deprecated! Use `dtype` instead!
[transformers] The fast path is not available because one of the required library is not installed. Falling back to torch implementation. To install follow https://github.com/fla-org/flash-linear-attention#installation and https://github.com/Dao-AILab/causal-conv1d
Loading weights:   0%|          | 0/851 [00:00<?, ?it/s]Loading weights: 100%|██████████| 851/851 [00:00<00:00, 16898.26it/s]
Traceback (most recent call last):
  File "/home/Awei/P02_multilingual_process_lens/scripts/run_trace_pool_generate.py", line 197, in <module>
    main()
  File "/home/Awei/P02_multilingual_process_lens/scripts/run_trace_pool_generate.py", line 141, in main
    model = load_causal_lm(spec["path"], dtype=args.dtype, device=args.device, local_files_only=local_only)
            ^^^^^^^^^^^^^^^^^^^^^^^^^^^^^^^^^^^^^^^^^^^^^^^^^^^^^^^^^^^^^^^^^^^^^^^^^^^^^^^^^^^^^^^^^^^^^^^
  File "/home/Awei/P02_multilingual_process_lens/src/mplens/modeling.py", line 70, in load_causal_lm
    model.to(torch.device(device))
  File "/home/Awei/P02_multilingual_process_lens/.deps/hf5/transformers/modeling_utils.py", line 3620, in to
    return super().to(*args, **kwargs)
           ^^^^^^^^^^^^^^^^^^^^^^^^^^^
  File "/home/Awei/miniconda3/envs/passage_prep_py312/lib/python3.12/site-packages/torch/nn/modules/module.py", line 1371, in to
    return self._apply(convert)
           ^^^^^^^^^^^^^^^^^^^^
  File "/home/Awei/miniconda3/envs/passage_prep_py312/lib/python3.12/site-packages/torch/nn/modules/module.py", line 930, in _apply
    module._apply(fn)
  File "/home/Awei/miniconda3/envs/passage_prep_py312/lib/python3.12/site-packages/torch/nn/modules/module.py", line 930, in _apply
    module._apply(fn)
  File "/home/Awei/miniconda3/envs/passage_prep_py312/lib/python3.12/site-packages/torch/nn/modules/module.py", line 930, in _apply
    module._apply(fn)
  [Previous line repeated 2 more times]
  File "/home/Awei/miniconda3/envs/passage_prep_py312/lib/python3.12/site-packages/torch/nn/modules/module.py", line 957, in _apply
    param_applied = fn(param)
                    ^^^^^^^^^
  File "/home/Awei/miniconda3/envs/passage_prep_py312/lib/python3.12/site-packages/torch/nn/modules/module.py", line 1357, in convert
    return t.to(
           ^^^^^
torch.OutOfMemoryError: CUDA out of memory. Tried to allocate 100.00 MiB. GPU 0 has a total capacity of 31.36 GiB of which 66.75 MiB is free. Including non-PyTorch memory, this process has 31.27 GiB memory in use. Of the allocated memory 30.78 GiB is allocated by PyTorch, and 632.50 KiB is reserved by PyTorch but unallocated. If reserved but unallocated memory is large try setting PYTORCH_CUDA_ALLOC_CONF=expandable_segments:True to avoid fragmentation.  See documentation for Memory Management  (https://pytorch.org/docs/stable/notes/cuda.html#environment-variables)
